This is pdfTeX, Version 3.141592-1.40.3 (MiKTeX 2.6) (preloaded format=latex 2007.9.24)  30 DEC 2007 15:29
entering extended mode
**Facharbeit.tex
(Facharbeit.tex
LaTeX2e <2005/12/01>
Babel <v3.8g> and hyphenation patterns for english, dumylang, nohyphenation, ge
rman, ngerman, french, loaded.
("D:\Programme\MiKTeX 2.6\tex\latex\base\article.cls"
Document Class: article 2005/09/16 v1.4f Standard LaTeX document class
("D:\Programme\MiKTeX 2.6\tex\latex\base\size12.clo"
File: size12.clo 2005/09/16 v1.4f Standard LaTeX file (size option)
)
\c@part=\count79
\c@section=\count80
\c@subsection=\count81
\c@subsubsection=\count82
\c@paragraph=\count83
\c@subparagraph=\count84
\c@figure=\count85
\c@table=\count86
\abovecaptionskip=\skip41
\belowcaptionskip=\skip42
\bibindent=\dimen102
)
("D:\Programme\MiKTeX 2.6\tex\latex\german\german.sty" v2.5e 1998-07-08
Package: german 1998/07/08 v2.5e Support for writing german texts (br)
\grmnU@D=\dimen103
german -- \language number for Austrian undefined, default 3 used.
)
("D:\Programme\MiKTeX 2.6\tex\latex\ltxmisc\a4wide.sty"
Package: a4wide 1994/08/30

("D:\Programme\MiKTeX 2.6\tex\latex\ntgclass\a4.sty"
Package: a4 2004/04/15 v1.2g A4 based page layout
))
("D:\Programme\MiKTeX 2.6\tex\latex\german\ngerman.sty" v2.5e 1998-07-08
Package: ngerman 1998/07/08 v2.5e Support for writing german texts (br)
LaTeX Info: Redefining \glqq on input line 255.
LaTeX Info: Redefining \glq on input line 268.
LaTeX Info: Redefining \flqq on input line 281.
LaTeX Info: Redefining \frqq on input line 289.
LaTeX Info: Redefining \flq on input line 297.
LaTeX Info: Redefining \frq on input line 304.
ngerman -- \language number for naustrian undefined, default 4 used.
)
("D:\Programme\MiKTeX 2.6\tex\latex\base\inputenc.sty"
Package: inputenc 2006/05/05 v1.1b Input encoding file
\inpenc@prehook=\toks14
\inpenc@posthook=\toks15

("D:\Programme\MiKTeX 2.6\tex\latex\base\latin1.def"
File: latin1.def 2006/05/05 v1.1b Input encoding file
))
("D:\Programme\MiKTeX 2.6\tex\latex\graphics\graphicx.sty"
Package: graphicx 1999/02/16 v1.0f Enhanced LaTeX Graphics (DPC,SPQR)

("D:\Programme\MiKTeX 2.6\tex\latex\graphics\keyval.sty"
Package: keyval 1999/03/16 v1.13 key=value parser (DPC)
\KV@toks@=\toks16
)
("D:\Programme\MiKTeX 2.6\tex\latex\graphics\graphics.sty"
Package: graphics 2006/02/20 v1.0o Standard LaTeX Graphics (DPC,SPQR)

("D:\Programme\MiKTeX 2.6\tex\latex\graphics\trig.sty"
Package: trig 1999/03/16 v1.09 sin cos tan (DPC)
)
("D:\Programme\MiKTeX 2.6\tex\latex\00miktex\graphics.cfg"
File: graphics.cfg 2005/12/29 v1.2 MiKTeX 'graphics' configuration
)
Package graphics Info: Driver file: dvips.def on input line 90.

("D:\Programme\MiKTeX 2.6\tex\latex\graphics\dvips.def"
File: dvips.def 1999/02/16 v3.0i Driver-dependant file (DPC,SPQR)
))
\Gin@req@height=\dimen104
\Gin@req@width=\dimen105
)
("D:\Programme\MiKTeX 2.6\tex\latex\setspace\setspace.sty"
Package: setspace 2000/12/01 6.7 Contributed and Supported LaTeX2e package

Package: `setspace' 6.7 <2000/12/01>
) ("D:\Programme\MiKTeX 2.6\tex\latex\ltxmisc\chngpage.sty"
Package: chngpage 2003/08/10 v1.2 change page layout
\c@cp@cnt=\count87
\c@cp@tempcnt=\count88
)
("D:\Programme\MiKTeX 2.6\tex\latex\listings\listings.sty"
\lst@mode=\count89
\lst@gtempboxa=\box26
\lst@token=\toks17
\lst@length=\count90
\lst@currlwidth=\dimen106
\lst@column=\count91
\lst@pos=\count92
\lst@lostspace=\dimen107
\lst@width=\dimen108
\lst@newlines=\count93
\lst@lineno=\count94
\lst@maxwidth=\dimen109

("D:\Programme\MiKTeX 2.6\tex\latex\listings\lstmisc.sty"
File: lstmisc.sty 2007/02/22 1.4 (Carsten Heinz)
\c@lstnumber=\count95
\lst@skipnumbers=\count96
\lst@framebox=\box27
)
("D:\Programme\MiKTeX 2.6\tex\latex\listings\listings.cfg"
File: listings.cfg 2007/02/22 1.4 listings configuration
))
Package: listings 2007/02/22 1.4 (Carsten Heinz)

("D:\Programme\MiKTeX 2.6\tex\latex\pst-3dplot\pst-3dplot.sty"
("D:\Programme\MiKTeX 2.6\tex\latex\pstricks\pstricks.sty"
Package: pstricks 2006/08/10 v0.32 LaTeX wrapper for `PSTricks' (RN,HV)

("D:\Programme\MiKTeX 2.6\tex\generic\pstricks\pstricks.tex"
`PSTricks' v1.15  <2006/12/22> (tvz)
\pst@dima=\dimen110
\pst@dimb=\dimen111
\pst@dimc=\dimen112
\pst@dimd=\dimen113
\pst@dimg=\dimen114
\pst@dimh=\dimen115
\pst@hbox=\box28
\pst@boxg=\box29
\pst@cnta=\count97
\pst@cntb=\count98
\pst@cntc=\count99
\pst@cntd=\count100
\pst@cntg=\count101
\pst@cnth=\count102
\pst@toks=\toks18
("D:\Programme\MiKTeX 2.6\tex\generic\pstricks\pstricks.con")
\psunit=\dimen116
\psxunit=\dimen117
\psyunit=\dimen118
\pslinewidth=\dimen119
\pst@customdefs=\toks19
\pslinearc=\dimen120
\everypsbox=\toks20
\psframesep=\dimen121
\pslabelsep=\dimen122
\psk@shift=\dimen123
\pst@shift=\dimen124
\theoverlaybox=\box30
)
File: pstricks.tex 2006/12/22 v1.15 `PSTricks' (tvz)

("D:\Programme\MiKTeX 2.6\tex\latex\xcolor\xcolor.sty"
Package: xcolor 2007/01/21 v2.11 LaTeX color extensions (UK)

("D:\Programme\MiKTeX 2.6\tex\latex\00miktex\color.cfg"
File: color.cfg 2005/12/29 v1.1 MiKTeX 'color' configuration
)
Package xcolor Info: Package option `override' ignored on input line 216.
Package xcolor Info: Driver file: dvips.def on input line 225.
Package xcolor Info: Model `cmy' substituted by `cmy0' on input line 1337.
Package xcolor Info: Model `RGB' extended on input line 1353.
Package xcolor Info: Model `HTML' substituted by `rgb' on input line 1355.
Package xcolor Info: Model `Hsb' substituted by `hsb' on input line 1356.
Package xcolor Info: Model `tHsb' substituted by `hsb' on input line 1357.
Package xcolor Info: Model `HSB' substituted by `hsb' on input line 1358.
Package xcolor Info: Model `Gray' substituted by `gray' on input line 1359.
Package xcolor Info: Model `wave' substituted by `hsb' on input line 1360.
))
Package: pst-3dplot 2006/02/07 package wrapper for pst-3dplot.tex (hv)

("D:\Programme\MiKTeX 2.6\tex\generic\pst-3dplot\pst-3dplot.tex"
("D:\Programme\MiKTeX 2.6\tex\generic\pst-3d\pst-3d.tex"
("D:\Programme\MiKTeX 2.6\tex\generic\xkeyval\pst-xkey.tex"
File: pst-xkey.tex 2005/11/25 v1.6 PSTricks specialization of xkeyval (HA)

("D:\Programme\MiKTeX 2.6\tex\latex\xkeyval\xkeyval.sty"
Package: xkeyval 2006/11/18 v2.5f package option processing (HA)

("D:\Programme\MiKTeX 2.6\tex\generic\xkeyval\xkeyval.tex"
\XKV@toks=\toks21
\XKV@depth=\count103
File: xkeyval.tex 2006/11/18 v2.5f key=value parser (HA)
)))
`PST-3d' v1.00, 2005/09/03 (tvz))
("D:\Programme\MiKTeX 2.6\tex\generic\pstricks\pst-node.tex"
 v97 patch 11, 2000/11/09
\psrow=\count104
\pscol=\count105
\psmatrixcnt=\count106
\psrowsep=\skip43
\pscolsep=\skip44
)
("D:\Programme\MiKTeX 2.6\tex\generic\pstricks\pst-plot.tex"
 v97 patch 2, 1999/12/12
("D:\Programme\MiKTeX 2.6\tex\generic\multido\multido.tex"
 v1.41, 2004/05/18 <tvz>
\multido@count=\count107
\multidocount=\count108
\multido@stuff=\toks22
))
("D:\Programme\MiKTeX 2.6\tex\generic\pstricks-add\pstricks-add.tex"
`pstricks-add' v2.91, 2007/10/20 (dr,hv)
\pst@dimm=\dimen125
\pst@dimn=\dimen126
\pst@dimo=\dimen127
\pst@dimp=\dimen128
\pst@cntm=\count109
\pst@cntn=\count110
\pst@cnto=\count111
\pst@cntp=\count112
\@zero=\count113
\pstRadUnit=\dimen129
\pstRadUnitInv=\dimen130
\pshooklength=\dimen131
\pshookwidth=\dimen132
\@digitcounter=\count114
\psk@subticksize=\dimen133
\pst@xticksizeA=\dimen134
\pst@xticksizeB=\dimen135
\pst@xticksizeC=\dimen136
\pst@yticksizeA=\dimen137
\pst@yticksizeB=\dimen138
\pst@yticksizeC=\dimen139
\psk@llx=\dimen140
\psk@lly=\dimen141
\psk@urx=\dimen142
\psk@ury=\dimen143
\pst@xunit=\dimen144
\pst@yunit=\dimen145
\linecnt=\count115
)
("D:\Programme\MiKTeX 2.6\tex\generic\multido\multido.tex"
 v1.41, 2004/05/18 <tvz>) `PST-3dplot' v1.77, 2007/10/03 (HV)
\pst@dimf=\dimen146
\pst@cntx=\count116
\pst@cnty=\count117
\pst@cntz=\count118
\pst@dimx=\dimen147
\pst@dimy=\dimen148
\pst@dimz=\dimen149
\pst@dx=\dimen150
\pst@dy=\dimen151
)
File: pst-3dplot.tex 2007/10/03 v1.77 `PST-3dplot' (hv)
)
("D:\Programme\MiKTeX 2.6\tex\latex\graphics\epsfig.sty"
Package: epsfig 1999/02/16 v1.7a (e)psfig emulation (SPQR)
\epsfxsize=\dimen152
\epsfysize=\dimen153
)
("D:\Programme\MiKTeX 2.6\tex\generic\babel\babel.sty"
Package: babel 2005/05/21 v3.8g The Babel package

*************************************
* Local config file bblopts.cfg used
*
("D:\Programme\MiKTeX 2.6\tex\latex\00miktex\bblopts.cfg"
File: bblopts.cfg 2006/07/31 v1.0 MiKTeX 'babel' configuration
)
("D:\Programme\MiKTeX 2.6\tex\generic\babel\ngermanb.ldf"
Language: ngermanb 2004/02/20 v2.6m new German support from the babel system

("D:\Programme\MiKTeX 2.6\tex\generic\babel\babel.def"
File: babel.def 2005/05/21 v3.8g Babel common definitions
\babel@savecnt=\count119
\U@D=\dimen154
)))
("D:\Programme\MiKTeX 2.6\tex\latex\bbm\bbm.sty"
Package: bbm 1999/03/15 V 1.2 provides fonts for set symbols - TH
LaTeX Font Info:    Overwriting math alphabet `\mathbbm' in version `bold'
(Font)                  U/bbm/m/n --> U/bbm/bx/n on input line 33.
LaTeX Font Info:    Overwriting math alphabet `\mathbbmss' in version `bold'
(Font)                  U/bbmss/m/n --> U/bbmss/bx/n on input line 35.
) (Facharbeit.aux
(titelseite.aux) (Einleitung.aux) (text.aux) (erklaerung.aux))
LaTeX Font Info:    Checking defaults for OML/cmm/m/it on input line 31.
LaTeX Font Info:    ... okay on input line 31.
LaTeX Font Info:    Checking defaults for T1/cmr/m/n on input line 31.
LaTeX Font Info:    ... okay on input line 31.
LaTeX Font Info:    Checking defaults for OT1/cmr/m/n on input line 31.
LaTeX Font Info:    ... okay on input line 31.
LaTeX Font Info:    Checking defaults for OMS/cmsy/m/n on input line 31.
LaTeX Font Info:    ... okay on input line 31.
LaTeX Font Info:    Checking defaults for OMX/cmex/m/n on input line 31.
LaTeX Font Info:    ... okay on input line 31.
LaTeX Font Info:    Checking defaults for U/cmr/m/n on input line 31.
LaTeX Font Info:    ... okay on input line 31.
\c@lstlisting=\count120
 (titelseite.tex
LaTeX Font Info:    External font `cmex10' loaded for size
(Font)              <12> on input line 47.
LaTeX Font Info:    External font `cmex10' loaded for size
(Font)              <8> on input line 47.
LaTeX Font Info:    External font `cmex10' loaded for size
(Font)              <6> on input line 47.
) [1


] (Facharbeit.toc)
\tf@toc=\write3
 [2

] (Einleitung.tex
LaTeX Font Info:    External font `cmex10' loaded for size
(Font)              <7> on input line 6.
LaTeX Font Info:    External font `cmex10' loaded for size
(Font)              <5> on input line 6.
)
Underfull \hbox (badness 10000) in paragraph at lines 3--68

 []

[3

] [4] (text.tex
Overfull \hbox (37.20976pt too wide) in paragraph at lines 5--5
[][]\OT1/cmr/m/n/10 Download : http://www.microsoft.com/downloads/details.aspx?
displaylang=de&FamilyID=2da43d38-
 []


Overfull \hbox (2.88477pt too wide) in paragraph at lines 12--16
\OT1/cmr/m/n/12 zur Steue-rung der Ka-me-ra ver-wen-det wird. Jetzt lasst sich
 mit der mitt-le-ren Maustas-
 []

[5


] [6]
File: graphics/Spur_white.eps Graphic file (type eps)
 <graphics/Spur_white.eps>
Underfull \hbox (badness 10000) in paragraph at lines 49--51

 []

[7]
Underfull \hbox (badness 10000) in paragraph at lines 90--91

 []

("D:\Programme\MiKTeX 2.6\tex\latex\listings\lstlang1.sty"
File: lstlang1.sty 2004/09/05 1.3 listings language file
)
("D:\Programme\MiKTeX 2.6\tex\latex\listings\lstlang1.sty"
File: lstlang1.sty 2004/09/05 1.3 listings language file
)
("D:\Programme\MiKTeX 2.6\tex\latex\listings\lstmisc.sty"
File: lstmisc.sty 2007/02/22 1.4 (Carsten Heinz)
)
(Quellcode\Physics.cpp
LaTeX Font Info:    Try loading font information for OMS+cmr on input line 798.

 ("D:\Programme\MiKTeX 2.6\tex\latex\base\omscmr.fd"
File: omscmr.fd 1999/05/25 v2.5h Standard LaTeX font definitions
)
LaTeX Font Info:    Font shape `OMS/cmr/m/n' in size <6> not available
(Font)              Font shape `OMS/cmsy/m/n' tried instead on input line 798.
)
[8]
Overfull \hbox (21.89986pt too wide) in paragraph at lines 129--130
\OT1/cmr/m/n/12 rech-nen-de Wir-kungs-kom-po-nen-te aus dem Pro-dukt der ent-sp
re-chen-den Geschwindigkeits-
 []

[9] (Quellcode\PhysicsOld.cpp)
File: graphics/Pythagoras_small.eps Graphic file (type eps)
 <graphics/Pythagoras_small.eps>

LaTeX Warning: `h' float specifier changed to `ht'.

[10] (Quellcode\Physics.cpp) [11]
File: graphics/el_pr_de_white_small.eps Graphic file (type eps)
 <graphics/el_pr_de_white_small.eps> [12]
File: graphics/Felder_white_small.eps Graphic file (type eps)

<graphics/Felder_white_small.eps>
File: graphics/ladungsverteilung_white_small.eps Graphic file (type eps)
 <graphics/ladungsverteilung_white_small.eps>

LaTeX Warning: `h' float specifier changed to `ht'.

[13]
File: graphics/Emitter_mit_Elektronenspur_white.eps Graphic file (type eps)
 <graphics/Emitter_mit_Elektronenspur_white.eps> [14]
Overfull \hbox (22.93925pt too wide) in paragraph at lines 280--301
 [][] 
 []

[15]
LaTeX Font Info:    Try loading font information for U+bbm on input line 305.
 ("D:\Programme\MiKTeX 2.6\tex\latex\bbm\ubbm.fd"
File: ubbm.fd 1999/03/15 V 1.2 Font definition for bbm font - TH
)
Underfull \hbox (badness 10000) in paragraph at lines 305--306

 []


Underfull \hbox (badness 10000) in paragraph at lines 305--306

 []

(Quellcode\bearbeitetePhysics.cpp
LaTeX Font Info:    Try loading font information for OML+cmr on input line 603.


("D:\Programme\MiKTeX 2.6\tex\latex\base\omlcmr.fd"
File: omlcmr.fd 1999/05/25 v2.5h Standard LaTeX font definitions
)
LaTeX Font Info:    Font shape `OML/cmr/m/n' in size <6> not available
(Font)              Font shape `OML/cmm/m/it' tried instead on input line 603.
) [16]
File: graphics/El_Pr_white.eps Graphic file (type eps)

<graphics/El_Pr_white.eps>
File: graphics/rutherfordEx_whiteEx.eps Graphic file (type eps)
 <graphics/rutherfordEx_whiteEx.eps>

LaTeX Warning: `h' float specifier changed to `ht'.

[17]
File: graphics/wien_white.eps Graphic file (type eps)
 <graphics/wien_white.eps> [18]) [19] (Facharbeit.lof)
\tf@lof=\write4
 (Facharbeit.lol)
\tf@lol=\write5

(Quellenverzeichniss.tex
Overfull \hbox (14.07782pt too wide) in paragraph at lines 7--8
[][] \OT1/cmr/m/n/12 http://www.medien.ifi.lmu.de/fileadmin/mimuc/mll ws0506/Vo
rtrag Kim.pdf
 []

) [20

] (erklaerung.tex)
Overfull \hbox (5.32085pt too wide) in paragraph at lines 4--84
[][][] 
 []

[21

] (Facharbeit.aux (titelseite.aux) (Einleitung.aux) (text.aux)
(erklaerung.aux)) ) 
Here is how much of TeX's memory you used:
 6428 strings out of 95306
 80971 string characters out of 1185295
 311093 words of memory out of 1226729
 9192 multiletter control sequences out of 60000
 10636 words of font info for 39 fonts, out of 1000000 for 2000
 14 hyphenation exceptions out of 8191
 50i,9n,99p,1466b,1419s stack positions out of 5000i,500n,10000p,200000b,32768s

Output written on Facharbeit.dvi (21 pages, 85680 bytes).
